2017/10/25 09:50:51 INFO  - jmeter.util.JMeterUtils: Setting Locale to en_ZA 
2017/10/25 09:50:51 INFO  - jmeter.JMeter: Loading user properties from: /home/gregf/Software/Jmeter/apache-jmeter-3.1/bin/user.properties 
2017/10/25 09:50:51 INFO  - jmeter.JMeter: Loading system properties from: /home/gregf/Software/Jmeter/apache-jmeter-3.1/bin/system.properties 
2017/10/25 09:50:51 INFO  - jmeter.JMeter: Copyright (c) 1998-2016 The Apache Software Foundation 
2017/10/25 09:50:51 INFO  - jmeter.JMeter: Version 3.1 r1770033 
2017/10/25 09:50:51 INFO  - jmeter.JMeter: java.version=1.8.0_131 
2017/10/25 09:50:51 INFO  - jmeter.JMeter: java.vm.name=Java HotSpot(TM) 64-Bit Server VM 
2017/10/25 09:50:51 INFO  - jmeter.JMeter: os.name=Linux 
2017/10/25 09:50:51 INFO  - jmeter.JMeter: os.arch=amd64 
2017/10/25 09:50:51 INFO  - jmeter.JMeter: os.version=4.4.0-97-generic 
2017/10/25 09:50:51 INFO  - jmeter.JMeter: file.encoding=UTF-8 
2017/10/25 09:50:51 INFO  - jmeter.JMeter: Max memory     =514850816 
2017/10/25 09:50:51 INFO  - jmeter.JMeter: Available Processors =8 
2017/10/25 09:50:51 INFO  - jmeter.JMeter: Default Locale=English (South Africa) 
2017/10/25 09:50:51 INFO  - jmeter.JMeter: JMeter  Locale=English (South Africa) 
2017/10/25 09:50:51 INFO  - jmeter.JMeter: JMeterHome=/home/gregf/Software/Jmeter/apache-jmeter-3.1 
2017/10/25 09:50:51 INFO  - jmeter.JMeter: user.dir  =/home/gregf/Repos/Presentations/Prez_JMeter/demo 
2017/10/25 09:50:51 INFO  - jmeter.JMeter: PWD       =/home/gregf/Repos/Presentations/Prez_JMeter/demo 
2017/10/25 09:50:51 INFO  - jmeter.JMeter: IP: 127.0.1.1 Name: gregf-CX61-2PC FullName: gregf-CX61-2PC 
2017/10/25 09:50:51 INFO  - jmeter.services.FileServer: Default base='/home/gregf/Repos/Presentations/Prez_JMeter/demo' 
2017/10/25 09:50:51 INFO  - jmeter.services.FileServer: Set new base='/home/gregf/Repos/Presentations/Prez_JMeter/demo' 
2017/10/25 09:50:51 INFO  - jmeter.save.SaveService: Testplan (JMX) version: 2.2. Testlog (JTL) version: 2.2 
2017/10/25 09:50:51 INFO  - jmeter.save.SaveService: Using SaveService properties file encoding UTF-8 
2017/10/25 09:50:51 INFO  - jmeter.save.SaveService: Using SaveService properties version 3.1 
2017/10/25 09:50:51 INFO  - jmeter.save.SaveService: All converter versions present and correct 
2017/10/25 09:50:51 INFO  - jmeter.save.SaveService: Loading file: basic_http.jmx 
2017/10/25 09:50:51 INFO  - jmeter.protocol.http.sampler.HTTPSamplerBase: Parser for text/html is org.apache.jmeter.protocol.http.parser.LagartoBasedHtmlParser 
2017/10/25 09:50:51 INFO  - jmeter.protocol.http.sampler.HTTPSamplerBase: Parser for application/xhtml+xml is org.apache.jmeter.protocol.http.parser.LagartoBasedHtmlParser 
2017/10/25 09:50:51 INFO  - jmeter.protocol.http.sampler.HTTPSamplerBase: Parser for application/xml is org.apache.jmeter.protocol.http.parser.LagartoBasedHtmlParser 
2017/10/25 09:50:51 INFO  - jmeter.protocol.http.sampler.HTTPSamplerBase: Parser for text/xml is org.apache.jmeter.protocol.http.parser.LagartoBasedHtmlParser 
2017/10/25 09:50:51 INFO  - jmeter.protocol.http.sampler.HTTPSamplerBase: Parser for text/vnd.wap.wml is org.apache.jmeter.protocol.http.parser.RegexpHTMLParser 
2017/10/25 09:50:51 INFO  - jmeter.protocol.http.sampler.HTTPSamplerBase: Parser for text/css is org.apache.jmeter.protocol.http.parser.CssParser 
2017/10/25 09:50:51 INFO  - jmeter.JMeter: Creating summariser <summary> 
2017/10/25 09:50:51 INFO  - jmeter.engine.StandardJMeterEngine: Running the test! 
2017/10/25 09:50:51 INFO  - jmeter.samplers.SampleEvent: List of sample_variables: [] 
2017/10/25 09:50:51 INFO  - jmeter.samplers.SampleEvent: List of sample_variables: [] 
2017/10/25 09:50:51 INFO  - jmeter.engine.util.CompoundVariable: Note: Function class names must contain the string: '.functions.' 
2017/10/25 09:50:51 INFO  - jmeter.engine.util.CompoundVariable: Note: Function class names must not contain the string: '.gui.' 
2017/10/25 09:50:51 INFO  - jmeter.JMeter: Running test (1508917851707) 
2017/10/25 09:50:51 INFO  - jmeter.engine.StandardJMeterEngine: Starting ThreadGroup: 1 : Thread Group 
2017/10/25 09:50:51 INFO  - jmeter.engine.StandardJMeterEngine: Starting 3 threads for group Thread Group. 
2017/10/25 09:50:51 INFO  - jmeter.engine.StandardJMeterEngine: Thread will continue on error 
2017/10/25 09:50:51 INFO  - jmeter.threads.ThreadGroup: Starting thread group number 1 threads 3 ramp-up 1 perThread 333.33334 delayedStart=false 
2017/10/25 09:50:51 INFO  - jmeter.threads.JMeterThread: Thread started: Thread Group 1-1 
2017/10/25 09:50:51 INFO  - jmeter.threads.ThreadGroup: Started thread group number 1 
2017/10/25 09:50:51 INFO  - jmeter.engine.StandardJMeterEngine: All thread groups have been started 
2017/10/25 09:50:51 INFO  - jmeter.protocol.http.sampler.HTTPHCAbstractImpl: Local host = gregf-CX61-2PC 
2017/10/25 09:50:51 INFO  - jmeter.protocol.http.sampler.HTTPHC4Impl: HTTP request retry count = 0 
2017/10/25 09:50:51 INFO  - jmeter.samplers.SampleResult: Note: Sample TimeStamps are START times 
2017/10/25 09:50:51 INFO  - jmeter.samplers.SampleResult: sampleresult.default.encoding is set to ISO-8859-1 
2017/10/25 09:50:51 INFO  - jmeter.samplers.SampleResult: sampleresult.useNanoTime=true 
2017/10/25 09:50:51 INFO  - jmeter.samplers.SampleResult: sampleresult.nanoThreadSleep=5000 
2017/10/25 09:50:52 INFO  - jmeter.threads.JMeterThread: Thread started: Thread Group 1-2 
2017/10/25 09:50:52 INFO  - jmeter.threads.JMeterThread: Thread started: Thread Group 1-3 
2017/10/25 09:50:53 INFO  - jmeter.protocol.http.sampler.LazySchemeSocketFactory: Setting up HTTPS TrustAll Socket Factory 
2017/10/25 09:50:53 INFO  - jmeter.util.JsseSSLManager: Using default SSL protocol: TLS 
2017/10/25 09:50:53 INFO  - jmeter.util.JsseSSLManager: SSL session context: per-thread 
2017/10/25 09:50:53 INFO  - jmeter.util.SSLManager: JmeterKeyStore Location:  type JKS 
2017/10/25 09:50:53 INFO  - jmeter.util.SSLManager: KeyStore created OK 
2017/10/25 09:50:53 WARN  - jmeter.util.SSLManager: Keystore file not found, loading empty keystore 
2017/10/25 09:51:01 INFO  - jmeter.reporters.Summariser: summary +     19 in 00:00:09 =    2.0/s Avg:  1287 Min:     9 Max:  5268 Err:     0 (0.00%) Active: 3 Started: 3 Finished: 0 
2017/10/25 09:51:10 INFO  - jmeter.threads.JMeterThread: Thread is done: Thread Group 1-3 
2017/10/25 09:51:10 INFO  - jmeter.threads.JMeterThread: Thread finished: Thread Group 1-3 
2017/10/25 09:51:10 INFO  - jmeter.threads.JMeterThread: Thread is done: Thread Group 1-1 
2017/10/25 09:51:10 INFO  - jmeter.threads.JMeterThread: Thread finished: Thread Group 1-1 
2017/10/25 09:51:10 INFO  - jmeter.threads.JMeterThread: Thread is done: Thread Group 1-2 
2017/10/25 09:51:10 INFO  - jmeter.threads.JMeterThread: Thread finished: Thread Group 1-2 
2017/10/25 09:51:10 INFO  - jmeter.engine.StandardJMeterEngine: Notifying test listeners of end of test 
2017/10/25 09:51:10 INFO  - jmeter.reporters.Summariser: summary +     35 in 00:00:09 =    3.8/s Avg:   865 Min:    13 Max:  3903 Err:     0 (0.00%) Active: 0 Started: 3 Finished: 3 
2017/10/25 09:51:10 INFO  - jmeter.reporters.Summariser: summary =     54 in 00:00:19 =    2.9/s Avg:  1014 Min:     9 Max:  5268 Err:     0 (0.00%) 
